<?xml version="1.0" encoding="UTF-8"?>
<testng-results ignored="0" total="4" passed="4" failed="0" skipped="0">
  <reporter-output>
  </reporter-output>
  <suite started-at="2023-06-02T21:48:57 IST" name="Open Cart Regression Suit" finished-at="2023-06-02T21:49:18 IST" duration-ms="21321">
    <groups>
    </groups>
    <test started-at="2023-06-02T21:48:57 IST" name="Google Test" finished-at="2023-06-02T21:49:17 IST" duration-ms="20192">
      <class name="MyTest.GoogleTest">
        <test-method is-config="true" signature="setup(java.lang.String, java.lang.String)[pri:0, instance:MyTest.GoogleTest@61386958]" started-at="2023-06-02T21:48:57 IST" name="setup" finished-at="2023-06-02T21:49:08 IST" duration-ms="11441" status="PASS">
          <params>
            <param index="0">
              <value>
                <![CDATA[https://www.google.com/]]>
              </value>
            </param>
            <param index="1">
              <value>
                <![CDATA[chrome]]>
              </value>
            </param>
          </params>
          <reporter-output>
          </reporter-output>
        </test-method> <!-- setup -->
        <test-method signature="titleTest()[pri:1, instance:MyTest.GoogleTest@61386958]" started-at="2023-06-02T21:49:08 IST" name="titleTest" finished-at="2023-06-02T21:49:08 IST" duration-ms="24" status="PASS">
          <reporter-output>
          </reporter-output>
        </test-method> <!-- titleTest -->
        <test-method is-config="true" signature="addResultsToTestRail(org.testng.ITestResult)[pri:0, instance:MyTest.GoogleTest@61386958]" started-at="2023-06-02T21:49:08 IST" name="addResultsToTestRail" finished-at="2023-06-02T21:49:13 IST" duration-ms="4595" status="PASS">
          <params>
            <param index="0">
              <value>
                <![CDATA[[TestResult name=titleTest status=SUCCESS method=GoogleTest.titleTest()[pri:1, instance:MyTest.GoogleTest@61386958] output={null}]]]>
              </value>
            </param>
          </params>
          <reporter-output>
          </reporter-output>
        </test-method> <!-- addResultsToTestRail -->
        <test-method signature="isSearchExit()[pri:2, instance:MyTest.GoogleTest@61386958]" started-at="2023-06-02T21:49:13 IST" name="isSearchExit" finished-at="2023-06-02T21:49:13 IST" duration-ms="219" status="PASS">
          <reporter-output>
          </reporter-output>
        </test-method> <!-- isSearchExit -->
        <test-method is-config="true" signature="addResultsToTestRail(org.testng.ITestResult)[pri:0, instance:MyTest.GoogleTest@61386958]" started-at="2023-06-02T21:49:13 IST" name="addResultsToTestRail" finished-at="2023-06-02T21:49:16 IST" duration-ms="2422" status="PASS">
          <params>
            <param index="0">
              <value>
                <![CDATA[[TestResult name=isSearchExit status=SUCCESS method=GoogleTest.isSearchExit()[pri:2, instance:MyTest.GoogleTest@61386958] output={null}]]]>
              </value>
            </param>
          </params>
          <reporter-output>
          </reporter-output>
        </test-method> <!-- addResultsToTestRail -->
        <test-method is-config="true" signature="tearDown()[pri:0, instance:MyTest.GoogleTest@61386958]" started-at="2023-06-02T21:49:16 IST" name="tearDown" finished-at="2023-06-02T21:49:17 IST" duration-ms="1412" status="PASS">
          <reporter-output>
          </reporter-output>
        </test-method> <!-- tearDown -->
      </class> <!-- MyTest.GoogleTest -->
    </test> <!-- Google Test -->
    <test started-at="2023-06-02T21:48:57 IST" name="OpenCart Test" finished-at="2023-06-02T21:49:18 IST" duration-ms="21321">
      <class name="MyTest.OpenCartTest">
        <test-method is-config="true" signature="setup(java.lang.String, java.lang.String)[pri:0, instance:MyTest.OpenCartTest@b62d79]" started-at="2023-06-02T21:48:57 IST" name="setup" finished-at="2023-06-02T21:49:16 IST" duration-ms="19575" status="PASS">
          <params>
            <param index="0">
              <value>
                <![CDATA[https://naveenautomationlabs.com/opencart/index.php?route=account/login]]>
              </value>
            </param>
            <param index="1">
              <value>
                <![CDATA[chrome]]>
              </value>
            </param>
          </params>
          <reporter-output>
          </reporter-output>
        </test-method> <!-- setup -->
        <test-method signature="logotest()[pri:1, instance:MyTest.OpenCartTest@b62d79]" started-at="2023-06-02T21:49:16 IST" name="logotest" finished-at="2023-06-02T21:49:17 IST" duration-ms="90" status="PASS">
          <reporter-output>
          </reporter-output>
        </test-method> <!-- logotest -->
        <test-method is-config="true" signature="addResultsToTestRail(org.testng.ITestResult)[pri:0, instance:MyTest.OpenCartTest@b62d79]" started-at="2023-06-02T21:49:17 IST" name="addResultsToTestRail" finished-at="2023-06-02T21:49:17 IST" duration-ms="496" status="PASS">
          <params>
            <param index="0">
              <value>
                <![CDATA[[TestResult name=logotest status=SUCCESS method=OpenCartTest.logotest()[pri:1, instance:MyTest.OpenCartTest@b62d79] output={null}]]]>
              </value>
            </param>
          </params>
          <reporter-output>
          </reporter-output>
        </test-method> <!-- addResultsToTestRail -->
        <test-method signature="forgetPwdLinkExitTest()[pri:2, instance:MyTest.OpenCartTest@b62d79]" started-at="2023-06-02T21:49:17 IST" name="forgetPwdLinkExitTest" finished-at="2023-06-02T21:49:17 IST" duration-ms="148" status="PASS">
          <reporter-output>
          </reporter-output>
        </test-method> <!-- forgetPwdLinkExitTest -->
        <test-method is-config="true" signature="addResultsToTestRail(org.testng.ITestResult)[pri:0, instance:MyTest.OpenCartTest@b62d79]" started-at="2023-06-02T21:49:17 IST" name="addResultsToTestRail" finished-at="2023-06-02T21:49:18 IST" duration-ms="484" status="PASS">
          <params>
            <param index="0">
              <value>
                <![CDATA[[TestResult name=forgetPwdLinkExitTest status=SUCCESS method=OpenCartTest.forgetPwdLinkExitTest()[pri:2, instance:MyTest.OpenCartTest@b62d79] output={null}]]]>
              </value>
            </param>
          </params>
          <reporter-output>
          </reporter-output>
        </test-method> <!-- addResultsToTestRail -->
        <test-method is-config="true" signature="tearDown()[pri:0, instance:MyTest.OpenCartTest@b62d79]" started-at="2023-06-02T21:49:18 IST" name="tearDown" finished-at="2023-06-02T21:49:18 IST" duration-ms="506" status="PASS">
          <reporter-output>
          </reporter-output>
        </test-method> <!-- tearDown -->
      </class> <!-- MyTest.OpenCartTest -->
    </test> <!-- OpenCart Test -->
  </suite> <!-- Open Cart Regression Suit -->
</testng-results>
