<?xml version="1.0" encoding="UTF-8"?>
<!-- Generated by org.testng.reporters.JUnitXMLReporter -->
<testsuite ignored="0" hostname="DESKTOP-PHLKVQ5" failures="0" tests="4" name="Google Test" time="20.192" errors="0" timestamp="2023-06-02T21:49:17 IST">
  <testcase classname="MyTest.GoogleTest" name="titleTest" time="0.024"/>
  <testcase classname="MyTest.GoogleTest" name="isSearchExit" time="0.219"/>
  <testcase classname="MyTest.OpenCartTest" name="logotest" time="0.09"/>
  <testcase classname="MyTest.OpenCartTest" name="forgetPwdLinkExitTest" time="0.148"/>
</testsuite> <!-- Google Test -->
